Started GET "/surveys" for ::1 at 2019-10-10 02:03:08 -0400
Processing by SurveysController#index as HTML
  [1m[36mSurvey Load (35.6ms)[0m  [1m[34mSELECT "surveys".* FROM "surveys"[0m
  ↳ app/controllers/surveys_controller.rb:8
Completed 200 OK in 2237ms (Views: 1866.5ms | ActiveRecord: 68.6ms)


Started GET "/favicon.ico" for ::1 at 2019-10-10 02:03:17 -0400
  
ActionController::RoutingError (No route matches [GET] "/favicon.ico"):
  
actionpack (5.2.3) lib/action_dispatch/middleware/debug_exceptions.rb:65:in `call'
actionpack (5.2.3) lib/action_dispatch/middleware/show_exceptions.rb:33:in `call'
railties (5.2.3) lib/rails/rack/logger.rb:38:in `call_app'
railties (5.2.3) lib/rails/rack/logger.rb:26:in `block in call'
activesupport (5.2.3) lib/active_support/tagged_logging.rb:71:in `block in tagged'
activesupport (5.2.3) lib/active_support/tagged_logging.rb:28:in `tagged'
activesupport (5.2.3) lib/active_support/tagged_logging.rb:71:in `tagged'
railties (5.2.3) lib/rails/rack/logger.rb:26:in `call'
actionpack (5.2.3) lib/action_dispatch/middleware/remote_ip.rb:81:in `call'
actionpack (5.2.3) lib/action_dispatch/middleware/request_id.rb:27:in `call'
rack (2.0.7) lib/rack/runtime.rb:22:in `call'
activesupport (5.2.3) lib/active_support/cache/strategy/local_cache_middleware.rb:29:in `call'
actionpack (5.2.3) lib/action_dispatch/middleware/executor.rb:14:in `call'
actionpack (5.2.3) lib/action_dispatch/middleware/static.rb:127:in `call'
rack (2.0.7) lib/rack/sendfile.rb:111:in `call'
rack-cors (1.0.3) lib/rack/cors.rb:95:in `call'
railties (5.2.3) lib/rails/engine.rb:524:in `call'
puma (3.12.1) lib/puma/configuration.rb:227:in `call'
puma (3.12.1) lib/puma/server.rb:660:in `handle_request'
puma (3.12.1) lib/puma/server.rb:474:in `process_client'
puma (3.12.1) lib/puma/server.rb:334:in `block in run'
puma (3.12.1) lib/puma/thread_pool.rb:135:in `block in spawn_thread'
Started GET "/repos" for ::1 at 2019-10-10 02:03:28 -0400
Processing by ReposController#index as HTML
  [1m[36mRepo Load (12.3ms)[0m  [1m[34mSELECT "repos".* FROM "repos" WHERE "repos"."cohort_name" = $1[0m  [["cohort_name", "dumbo-web-051319"]]
  ↳ app/controllers/repos_controller.rb:7
Completed 200 OK in 363ms (Views: 294.7ms | ActiveRecord: 27.8ms)


